<?xml version="1.0" encoding="UTF-8"?>
<testng-results ignored="0" total="1" passed="1" failed="0" skipped="0">
  <reporter-output>
  </reporter-output>
  <suite started-at="2023-07-28T17:56:38 IST" name="Surefire suite" finished-at="2023-07-28T17:56:56 IST" duration-ms="18156">
    <groups>
    </groups>
    <test started-at="2023-07-28T17:56:38 IST" name="Surefire test" finished-at="2023-07-28T17:56:56 IST" duration-ms="18156">
      <class name="main.mainTest">
        <test-method signature="setup()[pri:0, instance:main.mainTest@37271612]" started-at="2023-07-28T17:56:38 IST" name="setup" finished-at="2023-07-28T17:56:56 IST" duration-ms="18113" status="PASS">
          <reporter-output>
          </reporter-output>
        </test-method> <!-- setup -->
      </class> <!-- main.mainTest -->
    </test> <!-- Surefire test -->
  </suite> <!-- Surefire suite -->
</testng-results>
