<?xml version="1.0" encoding="UTF-8"?>
<testsuite xmlns:xsi="http://www.w3.org/2001/XMLSchema-instance" xsi:noNamespaceSchemaLocation="https://maven.apache.org/surefire/maven-surefire-plugin/xsd/surefire-test-report.xsd" name="TestSuite" time="19.007" tests="2" errors="0" skipped="0" failures="0">
  <properties>
[...]
</properties>
  <testcase name="setup" classname="main.mainTest" time="18.114"/>
  <testcase name="shouldAnswerWithTrue on shouldAnswerWithTrue(prj.Orenge.AppTest)" classname="prj.Orenge.AppTest" time="0.001"/>
</testsuite>